2025-10-27 13:53:32 [ 9286.549234] netconsole test
2025-10-27 13:53:32 [ 9286.550634] perf: interrupt took too long (3405 > 3376), lowering kernel.perf_event_max_sample_rate to 58000
2025-10-27 14:10:59 [10332.979592] workqueue: blk_mq_run_work_fn hogged CPU for >10000us 4 times, consider switching to WQ_UNBOUND
2025-10-27 14:16:54 [10687.876534] perf: interrupt took too long (4346 > 4256), lowering kernel.perf_event_max_sample_rate to 46000
2025-10-27 14:19:26 [10840.337570] dm_remap_v4_stats: module verification failed: signature and/or required key missing - tainting kernel
2025-10-27 14:19:26 [10840.339260] dm-remap-stats: Statistics export initialized
2025-10-27 14:19:26 [10840.339293] dm-remap-stats: Available at /sys/kernel/dm_remap/
2025-10-27 14:19:26 [10840.339309] dm-remap-stats: Prometheus-style: cat /sys/kernel/dm_remap/all_stats
2025-10-27 14:19:26 [10840.353494] dm-remap v4.0 real: Loading dm-remap v4.0 with Real Device Support
2025-10-27 14:19:26 [10840.353878] dm-remap v4.0 real: dm-remap v4.0 Real Device Support loaded successfully
2025-10-27 14:19:26 [10840.353917] dm-remap v4.0 real: Mode: Real Device, Background scanning: enabled
2025-10-27 14:20:12 [10886.065014] loop17: detected capacity change from 0 to 204800
2025-10-27 14:20:23 [10897.415229] loop18: detected capacity change from 0 to 204800
2025-10-27 14:20:35 [10909.514186] dm-remap v4.0 real: Creating real device target: main=/dev/loop17, spare=/dev/loop18
2025-10-27 14:20:35 [10909.514254] dm-remap v4.0 real: Optimized spare sizing calculation:
2025-10-27 14:20:35 [10909.514270] dm-remap v4.0 real:   Main device: 204800 sectors (100 MB)
2025-10-27 14:20:35 [10909.514284] dm-remap v4.0 real:   Expected bad sectors (2%): 4096 sectors (2 MB)
2025-10-27 14:20:35 [10909.514298] dm-remap v4.0 real:   Metadata overhead: 522 sectors (261 KB)
2025-10-27 14:20:35 [10909.514312] dm-remap v4.0 real:   Minimum spare (with 20% safety margin): 5541 sectors (2 MB)
2025-10-27 14:20:35 [10909.514326] dm-remap v4.0 real: Consider RAID1 mirroring: 100 MB spare for 100 MB main (100%)
2025-10-27 14:20:35 [10909.514341] dm-remap v4.0 real: Enhanced device compatibility validated:
2025-10-27 14:20:35 [10909.514355] dm-remap v4.0 real:   Main: 204800 sectors, 104857600 bytes (512/512 sector size)
2025-10-27 14:20:35 [10909.514369] dm-remap v4.0 real:   Spare: 204800 sectors, 104857600 bytes (512/512 sector size)
2025-10-27 14:20:35 [10909.514383] dm-remap v4.0 real:   Overhead available: 0 sectors (0% of main size)
2025-10-27 14:20:35 [10909.514400] dm-remap v4.0 real: Real devices opened with enhanced detection:
2025-10-27 14:20:35 [10909.514416] dm-remap v4.0 real:   Main: loop17 (204800 sectors, 512 byte sectors)
2025-10-27 14:20:35 [10909.514430] dm-remap v4.0 real:   Spare: loop18 (204800 sectors, 512 byte sectors)
2025-10-27 14:20:35 [10909.514872] dm-remap v4.0 real: Metadata write kernel thread started
2025-10-27 14:20:35 [10909.514887] dm-remap v4.0 real: Metadata write thread started
2025-10-27 14:20:35 [10909.515203] dm-remap v4.0: Repair context initialized (scrub interval: 3600 sec)
2025-10-27 14:20:35 [10909.515241] dm-remap-v4: Initialized v4.0 metadata: main=, spare=
2025-10-27 14:20:35 [10909.515256] dm-remap v4.0 real: Initialized persistent v4 metadata
2025-10-27 14:20:35 [10909.515346] dm-remap v4.0 real: dm-bufio client created for metadata I/O (block_size=4096)
2025-10-27 14:20:35 [10909.515364] dm-remap v4.0 real: Scheduling deferred metadata read (avoiding constructor deadlock)
2025-10-27 14:20:35 [10909.515379] dm-remap v4.0 real: Real device target created successfully (real device mode)
2025-10-27 14:20:35 [10909.619624] dm-remap v4.0 real: Loading persistent metadata (deferred read)...
2025-10-27 14:20:35 [10909.619674] dm-remap v4.0 real: Reading persistent metadata using dm-bufio...
2025-10-27 14:20:35 [10909.619687] dm-remap BUFIO-DEBUG: read_metadata_v4_bufio ENTRY
2025-10-27 14:20:35 [10909.619723] dm-remap BUFIO-DEBUG: read_metadata_copy block=0 client=00000000e7e47396
2025-10-27 14:20:35 [10909.619738] dm-remap BUFIO-DEBUG: About to call dm_bufio_read...
2025-10-27 14:20:35 [10909.619917] dm-remap BUFIO-DEBUG: read_metadata_copy block=1 client=00000000e7e47396
2025-10-27 14:20:35 [10909.619936] dm-remap BUFIO-DEBUG: About to call dm_bufio_read...
2025-10-27 14:20:35 [10909.620033] dm-remap BUFIO-DEBUG: read_metadata_copy block=2 client=00000000e7e47396
2025-10-27 14:20:35 [10909.620049] dm-remap BUFIO-DEBUG: About to call dm_bufio_read...
2025-10-27 14:20:35 [10909.620122] dm-remap BUFIO-DEBUG: read_metadata_copy block=3 client=00000000e7e47396
2025-10-27 14:20:35 [10909.620136] dm-remap BUFIO-DEBUG: About to call dm_bufio_read...
2025-10-27 14:20:35 [10909.620267] dm-remap BUFIO-DEBUG: read_metadata_copy block=4 client=00000000e7e47396
2025-10-27 14:20:35 [10909.620283] dm-remap BUFIO-DEBUG: About to call dm_bufio_read...
2025-10-27 14:20:35 [10909.620372] dm-remap-v4: No valid metadata copies found
2025-10-27 14:20:35 [10909.620391] dm-remap BUFIO-DEBUG: read_metadata_v4_bufio EXIT ret=-61
2025-10-27 14:20:35 [10909.620404] dm-remap v4.0 real: No valid metadata found, starting fresh: -61
2025-10-27 14:20:35 [10909.620417] dm-remap v4.0: No valid metadata found, starting fresh: -61
2025-10-27 14:20:35 [10909.620431] dm-remap: INITIAL METADATA WRITE PATH (no valid metadata found)
2025-10-27 14:20:35 [10909.620450] dm-remap v4.0 real: Initial metadata write requested via kernel thread
2025-10-27 14:20:35 [10909.620464] dm-remap: Setting metadata_loaded=1
2025-10-27 14:20:35 [10909.620477] dm-remap: Deferred metadata read work COMPLETE
2025-10-27 14:20:35 [10909.620477] dm-remap BUFIO-DEBUG: write_metadata_async ENTRY
2025-10-27 14:20:35 [10909.620479] dm-remap BUFIO-DEBUG: Acquiring metadata mutex
2025-10-27 14:20:35 [10909.620525] dm-remap BUFIO-DEBUG: Metadata mutex acquired
2025-10-27 14:20:35 [10909.620544] dm-remap BUFIO-DEBUG: Header updated, writing 5 copies
2025-10-27 14:20:35 [10909.620558] dm-remap BUFIO-DEBUG: Copy 0 - calling dm_bufio_new(block=0)
2025-10-27 14:20:35 [10909.620572] dm-remap BUFIO-DEBUG: Copy 0 - dm_bufio_new returned data=00000000b6e56c21
2025-10-27 14:20:35 [10909.620587] dm-remap BUFIO-DEBUG: Copy 0 - calling memcpy
2025-10-27 14:20:35 [10909.620657] dm-remap BUFIO-DEBUG: Copy 0 - calling dm_bufio_mark_buffer_dirty
2025-10-27 14:20:35 [10909.620671] dm-remap BUFIO-DEBUG: Copy 0 - calling dm_bufio_release
2025-10-27 14:20:35 [10909.620685] dm-remap BUFIO-DEBUG: Copy 0 - complete
2025-10-27 14:20:35 [10909.620697] dm-remap BUFIO-DEBUG: Copy 1 - calling dm_bufio_new(block=1)
2025-10-27 14:20:35 [10909.620711] dm-remap BUFIO-DEBUG: Copy 1 - dm_bufio_new returned data=0000000000b95016
2025-10-27 14:20:35 [10909.620725] dm-remap BUFIO-DEBUG: Copy 1 - calling memcpy
2025-10-27 14:20:35 [10909.620740] dm-remap BUFIO-DEBUG: Copy 1 - calling dm_bufio_mark_buffer_dirty
2025-10-27 14:20:35 [10909.620753] dm-remap BUFIO-DEBUG: Copy 1 - calling dm_bufio_release
2025-10-27 14:20:35 [10909.620766] dm-remap BUFIO-DEBUG: Copy 1 - complete
2025-10-27 14:20:35 [10909.620780] dm-remap BUFIO-DEBUG: Copy 2 - calling dm_bufio_new(block=2)
2025-10-27 14:20:35 [10909.620794] dm-remap BUFIO-DEBUG: Copy 2 - dm_bufio_new returned data=00000000f91afe9b
2025-10-27 14:20:35 [10909.620809] dm-remap BUFIO-DEBUG: Copy 2 - calling memcpy
2025-10-27 14:20:35 [10909.620823] dm-remap BUFIO-DEBUG: Copy 2 - calling dm_bufio_mark_buffer_dirty
2025-10-27 14:20:35 [10909.620839] dm-remap BUFIO-DEBUG: Copy 2 - calling dm_bufio_release
2025-10-27 14:20:35 [10909.620852] dm-remap BUFIO-DEBUG: Copy 2 - complete
2025-10-27 14:20:35 [10909.620864] dm-remap BUFIO-DEBUG: Copy 3 - calling dm_bufio_new(block=3)
2025-10-27 14:20:35 [10909.620880] dm-remap BUFIO-DEBUG: Copy 3 - dm_bufio_new returned data=00000000f0fa04d6
2025-10-27 14:20:35 [10909.620893] dm-remap BUFIO-DEBUG: Copy 3 - calling memcpy
2025-10-27 14:20:35 [10909.620908] dm-remap BUFIO-DEBUG: Copy 3 - calling dm_bufio_mark_buffer_dirty
2025-10-27 14:20:35 [10909.620922] dm-remap BUFIO-DEBUG: Copy 3 - calling dm_bufio_release
2025-10-27 14:20:35 [10909.620937] dm-remap BUFIO-DEBUG: Copy 3 - complete
2025-10-27 14:20:35 [10909.620950] dm-remap BUFIO-DEBUG: Copy 4 - calling dm_bufio_new(block=4)
2025-10-27 14:20:35 [10909.620964] dm-remap BUFIO-DEBUG: Copy 4 - dm_bufio_new returned data=000000007f7a563a
2025-10-27 14:20:35 [10909.620980] dm-remap BUFIO-DEBUG: Copy 4 - calling memcpy
2025-10-27 14:20:35 [10909.620995] dm-remap BUFIO-DEBUG: Copy 4 - calling dm_bufio_mark_buffer_dirty
2025-10-27 14:20:35 [10909.621011] dm-remap BUFIO-DEBUG: Copy 4 - calling dm_bufio_release
2025-10-27 14:20:35 [10909.621024] dm-remap BUFIO-DEBUG: Copy 4 - complete
2025-10-27 14:20:35 [10909.621038] dm-remap BUFIO-DEBUG: Releasing metadata mutex
2025-10-27 14:20:35 [10909.621052] dm-remap BUFIO-DEBUG: Metadata mutex released
2025-10-27 14:20:35 [10909.621066] dm-remap BUFIO-DEBUG: write_metadata_async EXIT SUCCESS
2025-10-27 14:20:35 [10909.621081] dm-remap-v4-metadata: Metadata written successfully (5 copies) using dm-bufio
2025-10-27 14:20:35 [10909.621096] Kernel panic - not syncing: corrupted stack end detected inside scheduler
2025-10-27 14:20:35 [10909.621155] CPU: 11 UID: 1000 PID: 4808 Comm: code Tainted: P           OE      6.14.0-34-generic #34-Ubuntu
2025-10-27 14:20:35 [10909.621184] Tainted: [P]=PROPRIETARY_MODULE, [O]=OOT_MODULE, [E]=UNSIGNED_MODULE
2025-10-27 14:20:35 [10909.621210] Hardware name: VMware, Inc. VMware Virtual Platform/440BX Desktop Reference Platform, BIOS 6.00 11/12/2020
2025-10-27 14:20:35 [10909.621234] Call Trace:
2025-10-27 14:20:35 [10909.621258]  <TASK>
2025-10-27 14:20:35 [10909.621285]  show_stack+0x49/0x60
2025-10-27 14:20:35 [10909.621324]  dump_stack_lvl+0x5f/0x90
2025-10-27 14:20:35 [10909.621358]  dump_stack+0x10/0x18
2025-10-27 14:20:35 [10909.621391]  panic+0x16a/0x339
2025-10-27 14:20:35 [10909.621422]  ? get_nohz_timer_target+0x2c/0x1b0
2025-10-27 14:20:35 [10909.621456]  schedule_debug.isra.0.cold+0x20/0x20
2025-10-27 14:20:35 [10909.621487]  __schedule+0x77/0x660
2025-10-27 14:20:35 [10909.621520]  ? enqueue_hrtimer+0x4d/0xb0
2025-10-27 14:20:35 [10909.621554]  ? srso_return_thunk+0x5/0x5f
2025-10-27 14:20:35 [10909.621585]  ? hrtimer_start_range_ns+0x13b/0x2e0
2025-10-27 14:20:35 [10909.621663]  schedule+0x29/0xd0
2025-10-27 14:20:35 [10909.621699]  schedule_hrtimeout_range+0xbe/0x100
2025-10-27 14:20:35 [10909.621730]  ? __pfx_hrtimer_wakeup+0x10/0x10
2025-10-27 14:20:35 [10909.621761]  do_poll.constprop.0+0x29c/0x3c0
2025-10-27 14:20:35 [10909.621799]  do_sys_poll+0x1f3/0x2a0
2025-10-27 14:20:35 [10909.621828]  ? x2apic_send_IPI+0x5d/0x90
2025-10-27 14:20:35 [10909.621870]  ? __pfx_pollwake+0x10/0x10
2025-10-27 14:20:35 [10909.621901]  ? __pfx_pollwake+0x10/0x10
2025-10-27 14:20:35 [10909.621945]  __x64_sys_poll+0xd4/0x180
2025-10-27 14:20:35 [10909.621979]  x64_sys_call+0xb40/0x2310
2025-10-27 14:20:35 [10909.622009]  do_syscall_64+0x7e/0x170
2025-10-27 14:20:35 [10909.622043]  ? srso_return_thunk+0x5/0x5f
2025-10-27 14:20:35 [10909.622077]  ? srso_return_thunk+0x5/0x5f
2025-10-27 14:20:35 [10909.622105]  ? ksys_read+0x9b/0xf0
2025-10-27 14:20:35 [10909.622135]  ? srso_return_thunk+0x5/0x5f
2025-10-27 14:20:35 [10909.622166]  ? arch_exit_to_user_mode_prepare.isra.0+0x22/0xd0
2025-10-27 14:20:35 [10909.622197]  ? srso_return_thunk+0x5/0x5f
2025-10-27 14:20:35 [10909.622228]  ? syscall_exit_to_user_mode+0x38/0x1d0
2025-10-27 14:20:35 [10909.622246]  ? srso_return_thunk+0x5/0x5f
2025-10-27 14:20:35 [10909.622264]  ? do_syscall_64+0x8a/0x170
2025-10-27 14:20:35 [10909.622282]  ? srso_return_thunk+0x5/0x5f
2025-10-27 14:20:35 [10909.622298]  ? do_syscall_64+0x8a/0x170
2025-10-27 14:20:35 [10909.622316]  ? srso_return_thunk+0x5/0x5f
2025-10-27 14:20:35 [10909.622333]  ? do_syscall_64+0x8a/0x170
2025-10-27 14:20:35 [10909.622351]  ? sysvec_apic_timer_interrupt+0x57/0xc0
2025-10-27 14:20:35 [10909.622370]  entry_SYSCALL_64_after_hwframe+0x76/0x7e
2025-10-27 14:20:35 [10909.622388] RIP: 0033:0x75db6aaaafe2
2025-10-27 14:20:35 [10909.622407] Code: 08 0f 85 71 3a ff ff 49 89 fb 48 89 f0 48 89 d7 48 89 ce 4c 89 c2 4d 89 ca 4c 8b 44 24 08 4c 8b 4c 24 10 4c 89 5c 24 08 0f 05 <c3> 66 2e 0f 1f 84 00 00 00 00 00 66 2e 0f 1f 84 00 00 00 00 00 66
2025-10-27 14:20:35 [10909.622424] RSP: 002b:000075da6f8dd3d8 EFLAGS: 00000246 ORIG_RAX: 0000000000000007
2025-10-27 14:20:35 [10909.622443] RAX: ffffffffffffffda RBX: 000075da6f8de6c0 RCX: 000075db6aaaafe2
2025-10-27 14:20:35 [10909.622460] RDX: 00000000000001f4 RSI: 0000000000000002 RDI: 000075da6f8dd430
2025-10-27 14:20:35 [10909.622477] RBP: 000075da6f8dd400 R08: 0000000000000000 R09: 0000000000000000
2025-10-27 14:20:35 [10909.622494] R10: 0000000000000000 R11: 0000000000000246 R12: fffffffffffff560
2025-10-27 14:20:35 [10909.622511] R13: 0000000000000020 R14: 000075da6f8dd430 R15: 000000540006a198
2025-10-27 14:20:35 [10909.622532]  </TASK>
2025-10-27 14:21:11 [10909.622987] Kernel Offset: 0x33800000 from 0xffffffff81000000 (relocation range: 0xffffffff80000000-0xffffffffbfffffff)
2025-10-27 14:21:11 [10944.945709] ---[ end Kernel panic - not syncing: corrupted stack end detected inside scheduler ]---